2021/05/26 12:36:35 にビルドを開始しました。
     1>ノード 2 上のプロジェクト "C:\Users\himaw\OneDrive\デスクトップ\2D\game2\GP実習2021\GameProgramming\GameProgramming.vcxproj" (Build ターゲット)。
     1>ClCompile:
         C:\Program Files (x86)\Microsoft Visual Studio 12.0\VC\bin\CL.exe /c /ZI /nologo /W3 /WX- /Od /Oy- /D WIN32 /D _DEBUG /D _CONSOLE /D _LIB /Gm /EHsc /RTC1 /MDd /GS /fp:precise /Zc:wchar_t /Zc:forScope /Fo"Debug\\" /Fd"Debug\vc120.pdb" /Gd /TP /analyze- /errorReport:prompt CEnemy2.cpp
         CEnemy2.cpp
     1>c:\users\himaw\onedrive\デスクトップ\2d\game2\gp実習2021\gameprogramming\cenemy2.cpp(144): error C2601: 'CEnemy2::Render' : ローカル関数の定義が正しくありません。
                 c:\users\himaw\onedrive\デスクトップ\2d\game2\gp実習2021\gameprogramming\cenemy2.cpp(39): この行は '{' を含んでいますが、これに対応するものがありません。
     1>c:\users\himaw\onedrive\デスクトップ\2d\game2\gp実習2021\gameprogramming\cenemy2.cpp(309): error C2601: 'CEnemy2::Collision' : ローカル関数の定義が正しくありません。
                 c:\users\himaw\onedrive\デスクトップ\2d\game2\gp実習2021\gameprogramming\cenemy2.cpp(39): この行は '{' を含んでいますが、これに対応するものがありません。
     1>c:\users\himaw\onedrive\デスクトップ\2d\game2\gp実習2021\gameprogramming\cenemy2.cpp(329): error C2655: 'CEnemy2::spInstance' : 現在のスコープ内で識別子が再宣言あるいは再定義されています。
                 c:\users\himaw\onedrive\デスクトップ\2d\game2\gp実習2021\gameprogramming\cenemy2.h(28) : 'CEnemy2::spInstance' の宣言を確認してください。
     1>c:\users\himaw\onedrive\デスクトップ\2d\game2\gp実習2021\gameprogramming\cenemy2.cpp(329): error C2086: 'CEnemy2 *CEnemy2::spInstance' : 再定義されました。
                 c:\users\himaw\onedrive\デスクトップ\2d\game2\gp実習2021\gameprogramming\cenemy2.h(28) : 'spInstance' の宣言を確認してください。
     1>c:\users\himaw\onedrive\デスクトップ\2d\game2\gp実習2021\gameprogramming\cenemy2.cpp(330): fatal error C1075: 左側 中かっこ '{' に対応するものが 'c:\users\himaw\onedrive\デスクトップ\2d\game2\gp実習2021\gameprogramming\cenemy2.cpp(39)' で見つかる前に EOF が検出されました。
     1>プロジェクト "C:\Users\himaw\OneDrive\デスクトップ\2D\game2\GP実習2021\GameProgramming\GameProgramming.vcxproj" (Build ターゲット) のビルドが終了しました -- 失敗。

ビルドに失敗しました。

経過時間 00:00:01.12
